C51 COMPILER V9.00   MAIN                                                                  11/05/2018 23:05:18 PAGE 1   


C51 COMPILER V9.00, COMPILATION OF MODULE MAIN
OBJECT MODULE PLACED IN main.OBJ
COMPILER INVOKED BY: C:\Keil\C51\BIN\C51.EXE main.c BROWSE DEBUG OBJECTEXTEND

line level    source

   1          #include <reg52.h>
   2          #include <intrins.h>
   3          
   4          sbit s2 = P3^0;
   5          sbit flag = P3^7;       //为外部中断输入下降沿
   6          
   7          void delay(unsigned int z)      //延时函数
   8          {
   9   1      
  10   1              unsigned int x,y;
  11   1              for(x = z; x > 0; x--)  
  12   1                      for(y = 114; y > 0 ; y--);
  13   1      }
  14          
  15          
  16          void int1intl()
  17          {
  18   1              EA = 1;         //开启总中断
  19   1              EX0 = 1;                //外部中断0允许
  20   1              IT0 = 1;        //外部中断0下降沿中断
  21   1      
  22   1      }
  23          
  24          void int1() interrupt 0
  25          {
  26   1              P1 = ~P1;          //led灯状态改变
  27   1      }
  28          
  29          void main()
  30          {
  31   1              int1intl();       //中断初始化
  32   1              if(s2 == 0)
  33   1              {   
  34   2                  delay(5);
  35   2                      if(s2 == 0)
  36   2                      {
  37   3                              flag = 1;
  38   3                              flag = 0;       //产生下降沿
  39   3                              delay(5);
  40   3                              while( s2 == 0 );        //松手检测
  41   3                      }
  42   2              }
  43   1      }


MODULE INFORMATION:   STATIC OVERLAYABLE
   CODE SIZE        =     72    ----
   CONSTANT SIZE    =   ----    ----
   XDATA SIZE       =   ----    ----
   PDATA SIZE       =   ----    ----
   DATA SIZE        =   ----    ----
   IDATA SIZE       =   ----    ----
   BIT SIZE         =   ----    ----
END OF MODULE INFORMATION.


C51 COMPILATION COMPLETE.  0 WARNING(S),  0 ERROR(S)
