C51 COMPILER V9.00   流水灯                                                                09/30/2018 15:07:29 PAGE 1   


C51 COMPILER V9.00, COMPILATION OF MODULE 流水灯
OBJECT MODULE PLACED IN 流水灯.OBJ
COMPILER INVOKED BY: C:\Keil\C51\BIN\C51.EXE 流水灯.c BROWSE DEBUG OBJECTEXTEND

line level    source

   1          #include <reg52.h>
   2          #include <intrins.h>
   3          
   4          unsigned char temp;
   5          
   6          void delay(void)   //误差 -0.000000000023us
   7          {
   8   1          unsigned char a,b;
   9   1          for(b=221;b>0;b--)
  10   1              for(a=207;a>0;a--);
  11   1      }
  12          
  13          void main(){
  14   1              temp = 0xfe;
  15   1              while(1){
  16   2                       P1 = temp;
  17   2                       delay();
  18   2                       temp = _crol_(temp,1);
  19   2               }
  20   1      
  21   1      }


MODULE INFORMATION:   STATIC OVERLAYABLE
   CODE SIZE        =     33    ----
   CONSTANT SIZE    =   ----    ----
   XDATA SIZE       =   ----    ----
   PDATA SIZE       =   ----    ----
   DATA SIZE        =      1    ----
   IDATA SIZE       =   ----    ----
   BIT SIZE         =   ----    ----
END OF MODULE INFORMATION.


C51 COMPILATION COMPLETE.  0 WARNING(S),  0 ERROR(S)
