C51 COMPILER V9.00   MAIN                                                                  12/02/2018 17:08:12 PAGE 1   


C51 COMPILER V9.00, COMPILATION OF MODULE MAIN
OBJECT MODULE PLACED IN main.OBJ
COMPILER INVOKED BY: C:\Keil\C51\BIN\C51.EXE main.c BROWSE DEBUG OBJECTEXTEND

line level    source

   1          /* 做一个呼吸灯，利用开发板上的发光二极管和中断的功能实现*/
   2          #include <reg52.h>
   3          #include <intrins.h>
   4          
   5          sbit LED1 = P1^0;
   6          
   7          int PWM_t;
   8          int PWM_max = 455;
   9          int PWM_light ; //数字越小灯越亮
  10          
  11          void delay(unsigned int z)      //延时函数
  12          {
  13   1      
  14   1              unsigned int x,y;
  15   1              for(x = z; x > 0; x--)  
  16   1                      for(y = 114; y > 0 ; y--);
  17   1      }
  18          
  19          
  20          void timer0init()        //初始化timer0
  21          {
  22   1         EA = 1;      //开启总中断
  23   1         ET0 = 1; //允许T0中断
  24   1         TR0 = 1; //允许TR0开始计数
  25   1         TMOD = 0x02; //设置工作模式为8位自动重装
  26   1      
  27   1         TH0 = 0xDC;
  28   1         TL0 = 0xDC; //设置每38us溢出一次
  29   1      
  30   1      }
  31          
  32          void timer0Int() interrupt 1
  33          {
  34   1              TH0 = 230;
  35   1              TL0 = 230; 
  36   1              PWM_t++;
  37   1              if(PWM_t == PWM_max)
  38   1              {
  39   2                      PWM_t = 0; //从0开始进入周期
  40   2                      LED1 = 1;  //灭LED灯
  41   2              }
  42   1              if(PWM_light == PWM_t)
  43   1                      LED1 = 0; //当进入进入亮灯环节，则让LED灯点亮
  44   1      }       
  45          
  46          void main()
  47          {
  48   1              timer0init(); //定时器0初始化
  49   1              while(1)
  50   1              {
  51   2                      int i,j;
  52   2                      PWM_light = 400;
  53   2                      for(i = 0 ; i<PWM_max; i++)
  54   2                      {
  55   3                              PWM_light--;
C51 COMPILER V9.00   MAIN                                                                  12/02/2018 17:08:12 PAGE 2   

  56   3                              delay(1);
  57   3                              if(PWM_light == 0)
  58   3                              {
  59   4                                      for(j = 0; j<PWM_max ; j--)
  60   4                                      {
  61   5                                              delay(1);
  62   5                                              PWM_light++;
  63   5                                              if(PWM_light == PWM_max)
  64   5                                                      break;
  65   5                                      }
  66   4                              }
  67   3                      }
  68   2      
  69   2              }
  70   1      }


MODULE INFORMATION:   STATIC OVERLAYABLE
   CODE SIZE        =    215    ----
   CONSTANT SIZE    =   ----    ----
   XDATA SIZE       =   ----    ----
   PDATA SIZE       =   ----    ----
   DATA SIZE        =      6       4
   IDATA SIZE       =   ----    ----
   BIT SIZE         =   ----    ----
END OF MODULE INFORMATION.


C51 COMPILATION COMPLETE.  0 WARNING(S),  0 ERROR(S)
